[INFO  - 2017-06-21T19:16:55.517Z] GhostDriver - Main - running on port 19946
[INFO  - 2017-06-21T19:16:57.328Z] Session [3187a7e0-56b6-11e7-83e1-d31ccf4de622] - page.settings - {"XSSAuditingEnabled":false,"javascriptCanCloseWindows":true,"javascriptCanOpenWindows":true,"javascriptEnabled":true,"loadImages":true,"localToRemoteUrlAccessEnabled":false,"userAgent":"Mozilla/5.0 (Windows NT 6.2; WOW64) AppleWebKit/538.1 (KHTML, like Gecko) PhantomJS/2.1.1 Safari/538.1","webSecurityEnabled":true}
[INFO  - 2017-06-21T19:16:57.330Z] Session [3187a7e0-56b6-11e7-83e1-d31ccf4de622] - page.customHeaders:  - {}
[INFO  - 2017-06-21T19:16:57.331Z] Session [3187a7e0-56b6-11e7-83e1-d31ccf4de622] - Session.negotiatedCapabilities - {"browserName":"phantomjs","version":"2.1.1","driverName":"ghostdriver","driverVersion":"1.2.0","platform":"windows-10-32bit","javascriptEnabled":true,"takesScreenshot":true,"handlesAlerts":false,"databaseEnabled":false,"locationContextEnabled":false,"applicationCacheEnabled":false,"browserConnectionEnabled":false,"cssSelectorsEnabled":true,"webStorageEnabled":false,"rotatable":false,"acceptSslCerts":false,"nativeEvents":true,"proxy":{"proxyType":"direct"}}
[INFO  - 2017-06-21T19:16:57.332Z] SessionManagerReqHand - _postNewSessionCommand - New Session Created: 3187a7e0-56b6-11e7-83e1-d31ccf4de622
[INFO  - 2017-06-21T19:17:06.662Z] ShutdownReqHand - _handle - About to shutdown
[INFO  - 2017-06-21T19:17:11.240Z] GhostDriver - Main - running on port 35130
[INFO  - 2017-06-21T19:17:11.606Z] Session [3a0a4e40-56b6-11e7-964e-077c4eee70df] - page.settings - {"XSSAuditingEnabled":false,"javascriptCanCloseWindows":true,"javascriptCanOpenWindows":true,"javascriptEnabled":true,"loadImages":true,"localToRemoteUrlAccessEnabled":false,"userAgent":"Mozilla/5.0 (Windows NT 6.2; WOW64) AppleWebKit/538.1 (KHTML, like Gecko) PhantomJS/2.1.1 Safari/538.1","webSecurityEnabled":true}
[INFO  - 2017-06-21T19:17:11.606Z] Session [3a0a4e40-56b6-11e7-964e-077c4eee70df] - page.customHeaders:  - {}
[INFO  - 2017-06-21T19:17:11.607Z] Session [3a0a4e40-56b6-11e7-964e-077c4eee70df] - Session.negotiatedCapabilities - {"browserName":"phantomjs","version":"2.1.1","driverName":"ghostdriver","driverVersion":"1.2.0","platform":"windows-10-32bit","javascriptEnabled":true,"takesScreenshot":true,"handlesAlerts":false,"databaseEnabled":false,"locationContextEnabled":false,"applicationCacheEnabled":false,"browserConnectionEnabled":false,"cssSelectorsEnabled":true,"webStorageEnabled":false,"rotatable":false,"acceptSslCerts":false,"nativeEvents":true,"proxy":{"proxyType":"direct"}}
[INFO  - 2017-06-21T19:17:11.607Z] SessionManagerReqHand - _postNewSessionCommand - New Session Created: 3a0a4e40-56b6-11e7-964e-077c4eee70df
[INFO  - 2017-06-21T19:17:15.755Z] ShutdownReqHand - _handle - About to shutdown
[INFO  - 2017-06-21T19:17:41.772Z] GhostDriver - Main - running on port 32788
[INFO  - 2017-06-21T19:17:42.861Z] Session [4cab70b0-56b6-11e7-9a7d-d9d8a99a30ad] - page.settings - {"XSSAuditingEnabled":false,"javascriptCanCloseWindows":true,"javascriptCanOpenWindows":true,"javascriptEnabled":true,"loadImages":true,"localToRemoteUrlAccessEnabled":false,"userAgent":"Mozilla/5.0 (Windows NT 6.2; WOW64) AppleWebKit/538.1 (KHTML, like Gecko) PhantomJS/2.1.1 Safari/538.1","webSecurityEnabled":true}
[INFO  - 2017-06-21T19:17:42.861Z] Session [4cab70b0-56b6-11e7-9a7d-d9d8a99a30ad] - page.customHeaders:  - {}
[INFO  - 2017-06-21T19:17:42.862Z] Session [4cab70b0-56b6-11e7-9a7d-d9d8a99a30ad] - Session.negotiatedCapabilities - {"browserName":"phantomjs","version":"2.1.1","driverName":"ghostdriver","driverVersion":"1.2.0","platform":"windows-10-32bit","javascriptEnabled":true,"takesScreenshot":true,"handlesAlerts":false,"databaseEnabled":false,"locationContextEnabled":false,"applicationCacheEnabled":false,"browserConnectionEnabled":false,"cssSelectorsEnabled":true,"webStorageEnabled":false,"rotatable":false,"acceptSslCerts":false,"nativeEvents":true,"proxy":{"proxyType":"direct"}}
[INFO  - 2017-06-21T19:17:42.862Z] SessionManagerReqHand - _postNewSessionCommand - New Session Created: 4cab70b0-56b6-11e7-9a7d-d9d8a99a30ad
[INFO  - 2017-06-21T19:17:56.479Z] ShutdownReqHand - _handle - About to shutdown
[INFO  - 2017-06-21T19:18:00.574Z] GhostDriver - Main - running on port 3719
[INFO  - 2017-06-21T19:18:00.782Z] Session [5759f7c0-56b6-11e7-9955-f12a3b6a3e8a] - page.settings - {"XSSAuditingEnabled":false,"javascriptCanCloseWindows":true,"javascriptCanOpenWindows":true,"javascriptEnabled":true,"loadImages":true,"localToRemoteUrlAccessEnabled":false,"userAgent":"Mozilla/5.0 (Windows NT 6.2; WOW64) AppleWebKit/538.1 (KHTML, like Gecko) PhantomJS/2.1.1 Safari/538.1","webSecurityEnabled":true}
[INFO  - 2017-06-21T19:18:00.782Z] Session [5759f7c0-56b6-11e7-9955-f12a3b6a3e8a] - page.customHeaders:  - {}
[INFO  - 2017-06-21T19:18:00.783Z] Session [5759f7c0-56b6-11e7-9955-f12a3b6a3e8a] - Session.negotiatedCapabilities - {"browserName":"phantomjs","version":"2.1.1","driverName":"ghostdriver","driverVersion":"1.2.0","platform":"windows-10-32bit","javascriptEnabled":true,"takesScreenshot":true,"handlesAlerts":false,"databaseEnabled":false,"locationContextEnabled":false,"applicationCacheEnabled":false,"browserConnectionEnabled":false,"cssSelectorsEnabled":true,"webStorageEnabled":false,"rotatable":false,"acceptSslCerts":false,"nativeEvents":true,"proxy":{"proxyType":"direct"}}
[INFO  - 2017-06-21T19:18:00.784Z] SessionManagerReqHand - _postNewSessionCommand - New Session Created: 5759f7c0-56b6-11e7-9955-f12a3b6a3e8a
[INFO  - 2017-06-21T19:18:05.710Z] ShutdownReqHand - _handle - About to shutdown
[INFO  - 2017-06-21T19:18:09.369Z] GhostDriver - Main - running on port 21466
[INFO  - 2017-06-21T19:18:09.796Z] Session [5cb98c30-56b6-11e7-9565-b5156d15f2c5] - page.settings - {"XSSAuditingEnabled":false,"javascriptCanCloseWindows":true,"javascriptCanOpenWindows":true,"javascriptEnabled":true,"loadImages":true,"localToRemoteUrlAccessEnabled":false,"userAgent":"Mozilla/5.0 (Windows NT 6.2; WOW64) AppleWebKit/538.1 (KHTML, like Gecko) PhantomJS/2.1.1 Safari/538.1","webSecurityEnabled":true}
[INFO  - 2017-06-21T19:18:09.796Z] Session [5cb98c30-56b6-11e7-9565-b5156d15f2c5] - page.customHeaders:  - {}
[INFO  - 2017-06-21T19:18:09.797Z] Session [5cb98c30-56b6-11e7-9565-b5156d15f2c5] - Session.negotiatedCapabilities - {"browserName":"phantomjs","version":"2.1.1","driverName":"ghostdriver","driverVersion":"1.2.0","platform":"windows-10-32bit","javascriptEnabled":true,"takesScreenshot":true,"handlesAlerts":false,"databaseEnabled":false,"locationContextEnabled":false,"applicationCacheEnabled":false,"browserConnectionEnabled":false,"cssSelectorsEnabled":true,"webStorageEnabled":false,"rotatable":false,"acceptSslCerts":false,"nativeEvents":true,"proxy":{"proxyType":"direct"}}
[INFO  - 2017-06-21T19:18:09.797Z] SessionManagerReqHand - _postNewSessionCommand - New Session Created: 5cb98c30-56b6-11e7-9565-b5156d15f2c5
[INFO  - 2017-06-21T19:18:22.344Z] ShutdownReqHand - _handle - About to shutdown
[INFO  - 2017-06-21T19:18:26.264Z] GhostDriver - Main - running on port 9647
[INFO  - 2017-06-21T19:18:27.060Z] Session [6703d330-56b6-11e7-95ba-2160d690e9a2] - page.settings - {"XSSAuditingEnabled":false,"javascriptCanCloseWindows":true,"javascriptCanOpenWindows":true,"javascriptEnabled":true,"loadImages":true,"localToRemoteUrlAccessEnabled":false,"userAgent":"Mozilla/5.0 (Windows NT 6.2; WOW64) AppleWebKit/538.1 (KHTML, like Gecko) PhantomJS/2.1.1 Safari/538.1","webSecurityEnabled":true}
[INFO  - 2017-06-21T19:18:27.060Z] Session [6703d330-56b6-11e7-95ba-2160d690e9a2] - page.customHeaders:  - {}
[INFO  - 2017-06-21T19:18:27.061Z] Session [6703d330-56b6-11e7-95ba-2160d690e9a2] - Session.negotiatedCapabilities - {"browserName":"phantomjs","version":"2.1.1","driverName":"ghostdriver","driverVersion":"1.2.0","platform":"windows-10-32bit","javascriptEnabled":true,"takesScreenshot":true,"handlesAlerts":false,"databaseEnabled":false,"locationContextEnabled":false,"applicationCacheEnabled":false,"browserConnectionEnabled":false,"cssSelectorsEnabled":true,"webStorageEnabled":false,"rotatable":false,"acceptSslCerts":false,"nativeEvents":true,"proxy":{"proxyType":"direct"}}
[INFO  - 2017-06-21T19:18:27.061Z] SessionManagerReqHand - _postNewSessionCommand - New Session Created: 6703d330-56b6-11e7-95ba-2160d690e9a2
[INFO  - 2017-06-21T19:18:32.952Z] ShutdownReqHand - _handle - About to shutdown
[INFO  - 2017-06-21T19:18:36.748Z] GhostDriver - Main - running on port 34506
[INFO  - 2017-06-21T19:18:37.438Z] Session [6d32eca0-56b6-11e7-955c-f926aa539095] - page.settings - {"XSSAuditingEnabled":false,"javascriptCanCloseWindows":true,"javascriptCanOpenWindows":true,"javascriptEnabled":true,"loadImages":true,"localToRemoteUrlAccessEnabled":false,"userAgent":"Mozilla/5.0 (Windows NT 6.2; WOW64) AppleWebKit/538.1 (KHTML, like Gecko) PhantomJS/2.1.1 Safari/538.1","webSecurityEnabled":true}
[INFO  - 2017-06-21T19:18:37.439Z] Session [6d32eca0-56b6-11e7-955c-f926aa539095] - page.customHeaders:  - {}
[INFO  - 2017-06-21T19:18:37.439Z] Session [6d32eca0-56b6-11e7-955c-f926aa539095] - Session.negotiatedCapabilities - {"browserName":"phantomjs","version":"2.1.1","driverName":"ghostdriver","driverVersion":"1.2.0","platform":"windows-10-32bit","javascriptEnabled":true,"takesScreenshot":true,"handlesAlerts":false,"databaseEnabled":false,"locationContextEnabled":false,"applicationCacheEnabled":false,"browserConnectionEnabled":false,"cssSelectorsEnabled":true,"webStorageEnabled":false,"rotatable":false,"acceptSslCerts":false,"nativeEvents":true,"proxy":{"proxyType":"direct"}}
[INFO  - 2017-06-21T19:18:37.440Z] SessionManagerReqHand - _postNewSessionCommand - New Session Created: 6d32eca0-56b6-11e7-955c-f926aa539095
[INFO  - 2017-06-21T19:18:43.368Z] ShutdownReqHand - _handle - About to shutdown
[INFO  - 2017-06-21T19:18:47.743Z] GhostDriver - Main - running on port 46792
[INFO  - 2017-06-21T19:18:48.221Z] Session [73a06ea0-56b6-11e7-bdaf-fd6ee64e86b3] - page.settings - {"XSSAuditingEnabled":false,"javascriptCanCloseWindows":true,"javascriptCanOpenWindows":true,"javascriptEnabled":true,"loadImages":true,"localToRemoteUrlAccessEnabled":false,"userAgent":"Mozilla/5.0 (Windows NT 6.2; WOW64) AppleWebKit/538.1 (KHTML, like Gecko) PhantomJS/2.1.1 Safari/538.1","webSecurityEnabled":true}
[INFO  - 2017-06-21T19:18:48.222Z] Session [73a06ea0-56b6-11e7-bdaf-fd6ee64e86b3] - page.customHeaders:  - {}
[INFO  - 2017-06-21T19:18:48.222Z] Session [73a06ea0-56b6-11e7-bdaf-fd6ee64e86b3] - Session.negotiatedCapabilities - {"browserName":"phantomjs","version":"2.1.1","driverName":"ghostdriver","driverVersion":"1.2.0","platform":"windows-10-32bit","javascriptEnabled":true,"takesScreenshot":true,"handlesAlerts":false,"databaseEnabled":false,"locationContextEnabled":false,"applicationCacheEnabled":false,"browserConnectionEnabled":false,"cssSelectorsEnabled":true,"webStorageEnabled":false,"rotatable":false,"acceptSslCerts":false,"nativeEvents":true,"proxy":{"proxyType":"direct"}}
[INFO  - 2017-06-21T19:18:48.223Z] SessionManagerReqHand - _postNewSessionCommand - New Session Created: 73a06ea0-56b6-11e7-bdaf-fd6ee64e86b3
[INFO  - 2017-06-21T19:18:51.805Z] ShutdownReqHand - _handle - About to shutdown
[INFO  - 2017-06-21T19:18:55.579Z] GhostDriver - Main - running on port 25954
[INFO  - 2017-06-21T19:18:55.769Z] Session [78205170-56b6-11e7-854c-cf5e0039e3cc] - page.settings - {"XSSAuditingEnabled":false,"javascriptCanCloseWindows":true,"javascriptCanOpenWindows":true,"javascriptEnabled":true,"loadImages":true,"localToRemoteUrlAccessEnabled":false,"userAgent":"Mozilla/5.0 (Windows NT 6.2; WOW64) AppleWebKit/538.1 (KHTML, like Gecko) PhantomJS/2.1.1 Safari/538.1","webSecurityEnabled":true}
[INFO  - 2017-06-21T19:18:55.770Z] Session [78205170-56b6-11e7-854c-cf5e0039e3cc] - page.customHeaders:  - {}
[INFO  - 2017-06-21T19:18:55.770Z] Session [78205170-56b6-11e7-854c-cf5e0039e3cc] - Session.negotiatedCapabilities - {"browserName":"phantomjs","version":"2.1.1","driverName":"ghostdriver","driverVersion":"1.2.0","platform":"windows-10-32bit","javascriptEnabled":true,"takesScreenshot":true,"handlesAlerts":false,"databaseEnabled":false,"locationContextEnabled":false,"applicationCacheEnabled":false,"browserConnectionEnabled":false,"cssSelectorsEnabled":true,"webStorageEnabled":false,"rotatable":false,"acceptSslCerts":false,"nativeEvents":true,"proxy":{"proxyType":"direct"}}
[INFO  - 2017-06-21T19:18:55.771Z] SessionManagerReqHand - _postNewSessionCommand - New Session Created: 78205170-56b6-11e7-854c-cf5e0039e3cc
[INFO  - 2017-06-21T19:18:59.974Z] ShutdownReqHand - _handle - About to shutdown
[INFO  - 2017-06-21T19:20:13.751Z] GhostDriver - Main - running on port 15984
[INFO  - 2017-06-21T19:20:14.863Z] Session [a7451ad0-56b6-11e7-8a85-0f46d8771f68] - page.settings - {"XSSAuditingEnabled":false,"javascriptCanCloseWindows":true,"javascriptCanOpenWindows":true,"javascriptEnabled":true,"loadImages":true,"localToRemoteUrlAccessEnabled":false,"userAgent":"Mozilla/5.0 (Windows NT 6.2; WOW64) AppleWebKit/538.1 (KHTML, like Gecko) PhantomJS/2.1.1 Safari/538.1","webSecurityEnabled":true}
[INFO  - 2017-06-21T19:20:14.863Z] Session [a7451ad0-56b6-11e7-8a85-0f46d8771f68] - page.customHeaders:  - {}
[INFO  - 2017-06-21T19:20:14.864Z] Session [a7451ad0-56b6-11e7-8a85-0f46d8771f68] - Session.negotiatedCapabilities - {"browserName":"phantomjs","version":"2.1.1","driverName":"ghostdriver","driverVersion":"1.2.0","platform":"windows-10-32bit","javascriptEnabled":true,"takesScreenshot":true,"handlesAlerts":false,"databaseEnabled":false,"locationContextEnabled":false,"applicationCacheEnabled":false,"browserConnectionEnabled":false,"cssSelectorsEnabled":true,"webStorageEnabled":false,"rotatable":false,"acceptSslCerts":false,"nativeEvents":true,"proxy":{"proxyType":"direct"}}
[INFO  - 2017-06-21T19:20:14.865Z] SessionManagerReqHand - _postNewSessionCommand - New Session Created: a7451ad0-56b6-11e7-8a85-0f46d8771f68
[INFO  - 2017-06-21T19:20:20.063Z] ShutdownReqHand - _handle - About to shutdown
[INFO  - 2017-06-21T19:22:08.137Z] GhostDriver - Main - running on port 24535
[INFO  - 2017-06-21T19:22:09.164Z] Session [eb6682d0-56b6-11e7-8df1-9b9b487d9f0c] - page.settings - {"XSSAuditingEnabled":false,"javascriptCanCloseWindows":true,"javascriptCanOpenWindows":true,"javascriptEnabled":true,"loadImages":true,"localToRemoteUrlAccessEnabled":false,"userAgent":"Mozilla/5.0 (Windows NT 6.2; WOW64) AppleWebKit/538.1 (KHTML, like Gecko) PhantomJS/2.1.1 Safari/538.1","webSecurityEnabled":true}
[INFO  - 2017-06-21T19:22:09.165Z] Session [eb6682d0-56b6-11e7-8df1-9b9b487d9f0c] - page.customHeaders:  - {}
[INFO  - 2017-06-21T19:22:09.165Z] Session [eb6682d0-56b6-11e7-8df1-9b9b487d9f0c] - Session.negotiatedCapabilities - {"browserName":"phantomjs","version":"2.1.1","driverName":"ghostdriver","driverVersion":"1.2.0","platform":"windows-10-32bit","javascriptEnabled":true,"takesScreenshot":true,"handlesAlerts":false,"databaseEnabled":false,"locationContextEnabled":false,"applicationCacheEnabled":false,"browserConnectionEnabled":false,"cssSelectorsEnabled":true,"webStorageEnabled":false,"rotatable":false,"acceptSslCerts":false,"nativeEvents":true,"proxy":{"proxyType":"direct"}}
[INFO  - 2017-06-21T19:22:09.166Z] SessionManagerReqHand - _postNewSessionCommand - New Session Created: eb6682d0-56b6-11e7-8df1-9b9b487d9f0c
[INFO  - 2017-06-21T19:22:13.493Z] ShutdownReqHand - _handle - About to shutdown
[INFO  - 2017-06-21T19:24:07.251Z] GhostDriver - Main - running on port 32989
[INFO  - 2017-06-21T19:24:07.971Z] Session [32370540-56b7-11e7-9b22-1bd8008ba2da] - page.settings - {"XSSAuditingEnabled":false,"javascriptCanCloseWindows":true,"javascriptCanOpenWindows":true,"javascriptEnabled":true,"loadImages":true,"localToRemoteUrlAccessEnabled":false,"userAgent":"Mozilla/5.0 (Windows NT 6.2; WOW64) AppleWebKit/538.1 (KHTML, like Gecko) PhantomJS/2.1.1 Safari/538.1","webSecurityEnabled":true}
[INFO  - 2017-06-21T19:24:07.972Z] Session [32370540-56b7-11e7-9b22-1bd8008ba2da] - page.customHeaders:  - {}
[INFO  - 2017-06-21T19:24:07.973Z] Session [32370540-56b7-11e7-9b22-1bd8008ba2da] - Session.negotiatedCapabilities - {"browserName":"phantomjs","version":"2.1.1","driverName":"ghostdriver","driverVersion":"1.2.0","platform":"windows-10-32bit","javascriptEnabled":true,"takesScreenshot":true,"handlesAlerts":false,"databaseEnabled":false,"locationContextEnabled":false,"applicationCacheEnabled":false,"browserConnectionEnabled":false,"cssSelectorsEnabled":true,"webStorageEnabled":false,"rotatable":false,"acceptSslCerts":false,"nativeEvents":true,"proxy":{"proxyType":"direct"}}
[INFO  - 2017-06-21T19:24:07.973Z] SessionManagerReqHand - _postNewSessionCommand - New Session Created: 32370540-56b7-11e7-9b22-1bd8008ba2da
[INFO  - 2017-06-21T19:24:12.267Z] ShutdownReqHand - _handle - About to shutdown
[INFO  - 2017-06-21T19:26:13.534Z] GhostDriver - Main - running on port 17887
[INFO  - 2017-06-21T19:26:14.245Z] Session [7d7b0e70-56b7-11e7-ac68-6daf333e37a6] - page.settings - {"XSSAuditingEnabled":false,"javascriptCanCloseWindows":true,"javascriptCanOpenWindows":true,"javascriptEnabled":true,"loadImages":true,"localToRemoteUrlAccessEnabled":false,"userAgent":"Mozilla/5.0 (Windows NT 6.2; WOW64) AppleWebKit/538.1 (KHTML, like Gecko) PhantomJS/2.1.1 Safari/538.1","webSecurityEnabled":true}
[INFO  - 2017-06-21T19:26:14.246Z] Session [7d7b0e70-56b7-11e7-ac68-6daf333e37a6] - page.customHeaders:  - {}
[INFO  - 2017-06-21T19:26:14.246Z] Session [7d7b0e70-56b7-11e7-ac68-6daf333e37a6] - Session.negotiatedCapabilities - {"browserName":"phantomjs","version":"2.1.1","driverName":"ghostdriver","driverVersion":"1.2.0","platform":"windows-10-32bit","javascriptEnabled":true,"takesScreenshot":true,"handlesAlerts":false,"databaseEnabled":false,"locationContextEnabled":false,"applicationCacheEnabled":false,"browserConnectionEnabled":false,"cssSelectorsEnabled":true,"webStorageEnabled":false,"rotatable":false,"acceptSslCerts":false,"nativeEvents":true,"proxy":{"proxyType":"direct"}}
[INFO  - 2017-06-21T19:26:14.247Z] SessionManagerReqHand - _postNewSessionCommand - New Session Created: 7d7b0e70-56b7-11e7-ac68-6daf333e37a6
[ERROR - 2017-06-21T19:26:44.490Z] WebElementLocator - _handleLocateCommand - Element(s) NOT Found: GAVE UP. Search Stop Time: 1498073204451
[INFO  - 2017-06-21T19:26:44.866Z] ShutdownReqHand - _handle - About to shutdown
[INFO  - 2017-06-21T19:27:33.046Z] GhostDriver - Main - running on port 7518
[INFO  - 2017-06-21T19:27:33.753Z] Session [acdedca0-56b7-11e7-b2df-8f4ab8e42264] - page.settings - {"XSSAuditingEnabled":false,"javascriptCanCloseWindows":true,"javascriptCanOpenWindows":true,"javascriptEnabled":true,"loadImages":true,"localToRemoteUrlAccessEnabled":false,"userAgent":"Mozilla/5.0 (Windows NT 6.2; WOW64) AppleWebKit/538.1 (KHTML, like Gecko) PhantomJS/2.1.1 Safari/538.1","webSecurityEnabled":true}
[INFO  - 2017-06-21T19:27:33.753Z] Session [acdedca0-56b7-11e7-b2df-8f4ab8e42264] - page.customHeaders:  - {}
[INFO  - 2017-06-21T19:27:33.754Z] Session [acdedca0-56b7-11e7-b2df-8f4ab8e42264] - Session.negotiatedCapabilities - {"browserName":"phantomjs","version":"2.1.1","driverName":"ghostdriver","driverVersion":"1.2.0","platform":"windows-10-32bit","javascriptEnabled":true,"takesScreenshot":true,"handlesAlerts":false,"databaseEnabled":false,"locationContextEnabled":false,"applicationCacheEnabled":false,"browserConnectionEnabled":false,"cssSelectorsEnabled":true,"webStorageEnabled":false,"rotatable":false,"acceptSslCerts":false,"nativeEvents":true,"proxy":{"proxyType":"direct"}}
[INFO  - 2017-06-21T19:27:33.754Z] SessionManagerReqHand - _postNewSessionCommand - New Session Created: acdedca0-56b7-11e7-b2df-8f4ab8e42264
[INFO  - 2017-06-21T19:27:36.143Z] ShutdownReqHand - _handle - About to shutdown
